# JRE version: Java(TM) SE Runtime Environment (8.0_66-b17) (build 1.8.0_66-b17)
# Java VM: Java HotSpot(TM) Server VM (25.66-b17 mixed mode linux-x86 )
Heap:
 PSYoungGen      total 72960K, used 10239K [0x91ac0000, 0x96cc0000, 0xa7000000)
  eden space 62720K, 0% used [0x91ac0000,0x91ac0000,0x95800000)
  from space 10240K, 99% used [0x95800000,0x961ffcb0,0x96200000)
  to   space 9472K, 0% used [0x96200000,0x96200000,0x96b40000)
 ParOldGen       total 42496K, used 20073K [0x67000000, 0x69980000, 0x91ac0000)
  object space 42496K, 47% used [0x67000000,0x6839a6a8,0x69980000)
 Metaspace       used 3954K, capacity 4006K, committed 4120K, reserved 4400K
GC Heap History (10 events):
Event: 7.712 GC heap after
Heap after GC invocations=2 (full 0):
 PSYoungGen      total 18432K, used 2559K [0x91ac0000, 0x93ec0000, 0xa7000000)
  eden space 15872K, 0% used [0x91ac0000,0x91ac0000,0x92a40000)
  from space 2560K, 99% used [0x92cc0000,0x92f3fde0,0x92f40000)
  to   space 2560K, 0% used [0x92a40000,0x92a40000,0x92cc0000)
 ParOldGen       total 42496K, used 2407K [0x67000000, 0x69980000, 0x91ac0000)
  object space 42496K, 5% used [0x67000000,0x67259c68,0x69980000)
 Metaspace       used 3783K, capacity 3814K, committed 3864K, reserved 4400K
}
Event: 8.262 GC heap before
{Heap before GC invocations=3 (full 0):
 PSYoungGen      total 18432K, used 18431K [0x91ac0000, 0x93ec0000, 0xa7000000)
  eden space 15872K, 100% used [0x91ac0000,0x92a40000,0x92a40000)
  from space 2560K, 99% used [0x92cc0000,0x92f3fde0,0x92f40000)
  to   space 2560K, 0% used [0x92a40000,0x92a40000,0x92cc0000)
 ParOldGen       total 42496K, used 2407K [0x67000000, 0x69980000, 0x91ac0000)
  object space 42496K, 5% used [0x67000000,0x67259c68,0x69980000)
 Metaspace       used 3829K, capacity 3846K, committed 3864K, reserved 4400K
Event: 8.291 GC heap after
Heap after GC invocations=3 (full 0):
 PSYoungGen      total 18432K, used 2558K [0x91ac0000, 0x93ec0000, 0xa7000000)
  eden space 15872K, 0% used [0x91ac0000,0x91ac0000,0x92a40000)
  from space 2560K, 99% used [0x92a40000,0x92cbf830,0x92cc0000)
  to   space 2560K, 0% used [0x93c40000,0x93c40000,0x93ec0000)
 ParOldGen       total 42496K, used 4785K [0x67000000, 0x69980000, 0x91ac0000)
  object space 42496K, 11% used [0x67000000,0x674ac500,0x69980000)
 Metaspace       used 3829K, capacity 3846K, committed 3864K, reserved 4400K
}
Event: 8.629 GC heap before
{Heap before GC invocations=4 (full 0):
 PSYoungGen      total 18432K, used 18430K [0x91ac0000, 0x93ec0000, 0xa7000000)
  eden space 15872K, 100% used [0x91ac0000,0x92a40000,0x92a40000)
  from space 2560K, 99% used [0x92a40000,0x92cbf830,0x92cc0000)
  to   space 2560K, 0% used [0x93c40000,0x93c40000,0x93ec0000)
 ParOldGen       total 42496K, used 4785K [0x67000000, 0x69980000, 0x91ac0000)
  object space 42496K, 11% used [0x67000000,0x674ac500,0x69980000)
 Metaspace       used 3846K, capacity 3878K, committed 3992K, reserved 4400K
Event: 8.672 GC heap after
Heap after GC invocations=4 (full 0):
 PSYoungGen      total 34304K, used 2558K [0x91ac0000, 0x93ec0000, 0xa7000000)
  eden space 31744K, 0% used [0x91ac0000,0x91ac0000,0x939c0000)
  from space 2560K, 99% used [0x93c40000,0x93ebf830,0x93ec0000)
  to   space 2560K, 0% used [0x939c0000,0x939c0000,0x93c40000)
 ParOldGen       total 42496K, used 7126K [0x67000000, 0x69980000, 0x91ac0000)
  object space 42496K, 16% used [0x67000000,0x676f59e0,0x69980000)
 Metaspace       used 3846K, capacity 3878K, committed 3992K, reserved 4400K
}
Event: 9.135 GC heap before
{Heap before GC invocations=5 (full 0):
 PSYoungGen      total 34304K, used 34302K [0x91ac0000, 0x93ec0000, 0xa7000000)
  eden space 31744K, 100% used [0x91ac0000,0x939c0000,0x939c0000)
  from space 2560K, 99% used [0x93c40000,0x93ebf830,0x93ec0000)
  to   space 2560K, 0% used [0x939c0000,0x939c0000,0x93c40000)
 ParOldGen       total 42496K, used 7126K [0x67000000, 0x69980000, 0x91ac0000)
  object space 42496K, 16% used [0x67000000,0x676f59e0,0x69980000)
 Metaspace       used 3881K, capacity 3942K, committed 3992K, reserved 4400K
Event: 9.179 GC heap after
Heap after GC invocations=5 (full 0):
 PSYoungGen      total 34304K, used 2551K [0x91ac0000, 0x96b40000, 0xa7000000)
  eden space 31744K, 0% used [0x91ac0000,0x91ac0000,0x939c0000)
  from space 2560K, 99% used [0x939c0000,0x93c3de70,0x93c40000)
  to   space 9472K, 0% used [0x96200000,0x96200000,0x96b40000)
 ParOldGen       total 42496K, used 12794K [0x67000000, 0x69980000, 0x91ac0000)
  object space 42496K, 30% used [0x67000000,0x67c7ebf0,0x69980000)
 Metaspace       used 3881K, capacity 3942K, committed 3992K, reserved 4400K
}
Event: 9.653 GC heap before
{Heap before GC invocations=6 (full 0):
 PSYoungGen      total 34304K, used 34295K [0x91ac0000, 0x96b40000, 0xa7000000)
  eden space 31744K, 100% used [0x91ac0000,0x939c0000,0x939c0000)
  from space 2560K, 99% used [0x939c0000,0x93c3de70,0x93c40000)
  to   space 9472K, 0% used [0x96200000,0x96200000,0x96b40000)
 ParOldGen       total 42496K, used 12794K [0x67000000, 0x69980000, 0x91ac0000)
  object space 42496K, 30% used [0x67000000,0x67c7ebf0,0x69980000)
 Metaspace       used 3934K, capacity 3974K, committed 3992K, reserved 4400K
Event: 9.755 GC heap after
Heap after GC invocations=6 (full 0):
 PSYoungGen      total 72192K, used 7706K [0x91ac0000, 0x96cc0000, 0xa7000000)
  eden space 62720K, 0% used [0x91ac0000,0x91ac0000,0x95800000)
  from space 9472K, 81% used [0x96200000,0x96986bf0,0x96b40000)
  to   space 10240K, 0% used [0x95800000,0x95800000,0x96200000)
 ParOldGen       total 42496K, used 12794K [0x67000000, 0x69980000, 0x91ac0000)
  object space 42496K, 30% used [0x67000000,0x67c7ebf0,0x69980000)
 Metaspace       used 3934K, capacity 3974K, committed 3992K, reserved 4400K
}
Event: 10.499 GC heap before
{Heap before GC invocations=7 (full 0):
 PSYoungGen      total 72192K, used 70426K [0x91ac0000, 0x96cc0000, 0xa7000000)
  eden space 62720K, 100% used [0x91ac0000,0x95800000,0x95800000)
  from space 9472K, 81% used [0x96200000,0x96986bf0,0x96b40000)
  to   space 10240K, 0% used [0x95800000,0x95800000,0x96200000)
 ParOldGen       total 42496K, used 12794K [0x67000000, 0x69980000, 0x91ac0000)
  object space 42496K, 30% used [0x67000000,0x67c7ebf0,0x69980000)
 Metaspace       used 3954K, capacity 4006K, committed 4120K, reserved 4400K

