# JRE version: Java(TM) SE Runtime Environment (8.0_66-b17) (build 1.8.0_66-b17)
# Java VM: Java HotSpot(TM) Server VM (25.66-b17 mixed mode linux-x86 )
Heap:
 PSYoungGen      total 71168K, used 8698K [0x91ac0000, 0x969c0000, 0xa7000000)
  eden space 62464K, 0% used [0x91ac0000,0x91ac0000,0x957c0000)
  from space 8704K, 99% used [0x957c0000,0x9603e858,0x96040000)
  to   space 7680K, 0% used [0x96040000,0x96040000,0x967c0000)
 ParOldGen       total 42496K, used 19208K [0x67000000, 0x69980000, 0x91ac0000)
  object space 42496K, 45% used [0x67000000,0x682c2390,0x69980000)
 Metaspace       used 4125K, capacity 4134K, committed 4248K, reserved 4400K
GC Heap History (10 events):
Event: 11.266 GC heap after
Heap after GC invocations=2 (full 0):
 PSYoungGen      total 18432K, used 2550K [0x91ac0000, 0x93ec0000, 0xa7000000)
  eden space 15872K, 0% used [0x91ac0000,0x91ac0000,0x92a40000)
  from space 2560K, 99% used [0x92cc0000,0x92f3da80,0x92f40000)
  to   space 2560K, 0% used [0x92a40000,0x92a40000,0x92cc0000)
 ParOldGen       total 42496K, used 2573K [0x67000000, 0x69980000, 0x91ac0000)
  object space 42496K, 6% used [0x67000000,0x672834a8,0x69980000)
 Metaspace       used 3805K, capacity 3846K, committed 3864K, reserved 4400K
}
Event: 12.087 GC heap before
{Heap before GC invocations=3 (full 0):
 PSYoungGen      total 18432K, used 18422K [0x91ac0000, 0x93ec0000, 0xa7000000)
  eden space 15872K, 100% used [0x91ac0000,0x92a40000,0x92a40000)
  from space 2560K, 99% used [0x92cc0000,0x92f3da80,0x92f40000)
  to   space 2560K, 0% used [0x92a40000,0x92a40000,0x92cc0000)
 ParOldGen       total 42496K, used 2573K [0x67000000, 0x69980000, 0x91ac0000)
  object space 42496K, 6% used [0x67000000,0x672834a8,0x69980000)
 Metaspace       used 3867K, capacity 3878K, committed 3992K, reserved 4400K
Event: 12.104 GC heap after
Heap after GC invocations=3 (full 0):
 PSYoungGen      total 18432K, used 2547K [0x91ac0000, 0x93ec0000, 0xa7000000)
  eden space 15872K, 0% used [0x91ac0000,0x91ac0000,0x92a40000)
  from space 2560K, 99% used [0x92a40000,0x92cbcc70,0x92cc0000)
  to   space 2560K, 0% used [0x93c40000,0x93c40000,0x93ec0000)
 ParOldGen       total 42496K, used 4766K [0x67000000, 0x69980000, 0x91ac0000)
  object space 42496K, 11% used [0x67000000,0x674a7958,0x69980000)
 Metaspace       used 3867K, capacity 3878K, committed 3992K, reserved 4400K
}
Event: 15.623 GC heap before
{Heap before GC invocations=4 (full 0):
 PSYoungGen      total 18432K, used 18419K [0x91ac0000, 0x93ec0000, 0xa7000000)
  eden space 15872K, 100% used [0x91ac0000,0x92a40000,0x92a40000)
  from space 2560K, 99% used [0x92a40000,0x92cbcc70,0x92cc0000)
  to   space 2560K, 0% used [0x93c40000,0x93c40000,0x93ec0000)
 ParOldGen       total 42496K, used 4766K [0x67000000, 0x69980000, 0x91ac0000)
  object space 42496K, 11% used [0x67000000,0x674a7958,0x69980000)
 Metaspace       used 3997K, capacity 4038K, committed 4120K, reserved 4400K
Event: 15.699 GC heap after
Heap after GC invocations=4 (full 0):
 PSYoungGen      total 34304K, used 2559K [0x91ac0000, 0x93ec0000, 0xa7000000)
  eden space 31744K, 0% used [0x91ac0000,0x91ac0000,0x939c0000)
  from space 2560K, 99% used [0x93c40000,0x93ebfef0,0x93ec0000)
  to   space 2560K, 0% used [0x939c0000,0x939c0000,0x93c40000)
 ParOldGen       total 42496K, used 7187K [0x67000000, 0x69980000, 0x91ac0000)
  object space 42496K, 16% used [0x67000000,0x67704d90,0x69980000)
 Metaspace       used 3997K, capacity 4038K, committed 4120K, reserved 4400K
}
Event: 16.642 GC heap before
{Heap before GC invocations=5 (full 0):
 PSYoungGen      total 34304K, used 34303K [0x91ac0000, 0x93ec0000, 0xa7000000)
  eden space 31744K, 100% used [0x91ac0000,0x939c0000,0x939c0000)
  from space 2560K, 99% used [0x93c40000,0x93ebfef0,0x93ec0000)
  to   space 2560K, 0% used [0x939c0000,0x939c0000,0x93c40000)
 ParOldGen       total 42496K, used 7187K [0x67000000, 0x69980000, 0x91ac0000)
  object space 42496K, 16% used [0x67000000,0x67704d90,0x69980000)
 Metaspace       used 4031K, capacity 4070K, committed 4120K, reserved 4400K
Event: 16.689 GC heap after
Heap after GC invocations=5 (full 0):
 PSYoungGen      total 34304K, used 2546K [0x91ac0000, 0x967c0000, 0xa7000000)
  eden space 31744K, 0% used [0x91ac0000,0x91ac0000,0x939c0000)
  from space 2560K, 99% used [0x939c0000,0x93c3cad0,0x93c40000)
  to   space 7680K, 0% used [0x96040000,0x96040000,0x967c0000)
 ParOldGen       total 42496K, used 12127K [0x67000000, 0x69980000, 0x91ac0000)
  object space 42496K, 28% used [0x67000000,0x67bd7cd0,0x69980000)
 Metaspace       used 4031K, capacity 4070K, committed 4120K, reserved 4400K
}
Event: 17.366 GC heap before
{Heap before GC invocations=6 (full 0):
 PSYoungGen      total 34304K, used 34290K [0x91ac0000, 0x967c0000, 0xa7000000)
  eden space 31744K, 100% used [0x91ac0000,0x939c0000,0x939c0000)
  from space 2560K, 99% used [0x939c0000,0x93c3cad0,0x93c40000)
  to   space 7680K, 0% used [0x96040000,0x96040000,0x967c0000)
 ParOldGen       total 42496K, used 12127K [0x67000000, 0x69980000, 0x91ac0000)
  object space 42496K, 28% used [0x67000000,0x67bd7cd0,0x69980000)
 Metaspace       used 4043K, capacity 4070K, committed 4120K, reserved 4400K
Event: 17.404 GC heap after
Heap after GC invocations=6 (full 0):
 PSYoungGen      total 70144K, used 7369K [0x91ac0000, 0x969c0000, 0xa7000000)
  eden space 62464K, 0% used [0x91ac0000,0x91ac0000,0x957c0000)
  from space 7680K, 95% used [0x96040000,0x96772418,0x967c0000)
  to   space 8704K, 0% used [0x957c0000,0x957c0000,0x96040000)
 ParOldGen       total 42496K, used 12127K [0x67000000, 0x69980000, 0x91ac0000)
  object space 42496K, 28% used [0x67000000,0x67bd7cd0,0x69980000)
 Metaspace       used 4043K, capacity 4070K, committed 4120K, reserved 4400K
}
Event: 20.105 GC heap before
{Heap before GC invocations=7 (full 0):
 PSYoungGen      total 70144K, used 69833K [0x91ac0000, 0x969c0000, 0xa7000000)
  eden space 62464K, 100% used [0x91ac0000,0x957c0000,0x957c0000)
  from space 7680K, 95% used [0x96040000,0x96772418,0x967c0000)
  to   space 8704K, 0% used [0x957c0000,0x957c0000,0x96040000)
 ParOldGen       total 42496K, used 12127K [0x67000000, 0x69980000, 0x91ac0000)
  object space 42496K, 28% used [0x67000000,0x67bd7cd0,0x69980000)
 Metaspace       used 4125K, capacity 4134K, committed 4248K, reserved 4400K

